<?xml version="1.0" encoding="UTF-8"?>
<testsuite xmlns:xsi="http://www.w3.org/2001/XMLSchema-instance" xsi:noNamespaceSchemaLocation="https://maven.apache.org/surefire/maven-surefire-plugin/xsd/surefire-test-report.xsd" version="3.0.1" name="org.cursosanblas.examen.AlumnoMappingTest" time="26.76" tests="2" errors="0" skipped="0" failures="0">
  <properties>
[...]
</properties>
  <testcase name="unique_matricula_noPermiteDuplicados" classname="org.cursosanblas.examen.AlumnoMappingTest" time="0.121">
    <system-out><![CDATA[Hibernate: 
    INSERT 
    INTO
        personas
        (id_persona, dni, nombre, apellido1, apellido2) 
    VALUES
        (?, '11111111T', 'N', 'A1', 'A2')
Hibernate: 
    INSERT 
    INTO
        alumnos
        (id_persona, matricula, anyo_inscripcion) 
    VALUES
        (?, ?, 2024)
Hibernate: 
    INSERT 
    INTO
        personas
        (id_persona, dni, nombre, apellido1, apellido2) 
    VALUES
        (?, '22222222T', 'N', 'A1', 'A2')
Hibernate: 
    INSERT 
    INTO
        alumnos
        (id_persona, matricula, anyo_inscripcion) 
    VALUES
        (?, ?, 2025)
]]></system-out>
    <system-err><![CDATA[SLF4J: Failed to load class "org.slf4j.impl.StaticLoggerBinder".
SLF4J: Defaulting to no-operation (NOP) logger implementation
SLF4J: See http://www.slf4j.org/codes.html#StaticLoggerBinder for further details.
SLF4J: Failed to load class "org.slf4j.impl.StaticMDCBinder".
SLF4J: Defaulting to no-operation MDCAdapter implementation.
SLF4J: See http://www.slf4j.org/codes.html#no_static_mdc_binder for further details.
jul 28, 2026 3:41:52 P. M. org.hibernate.jpa.internal.util.LogHelper logPersistenceUnitInformation
INFO: HHH000204: Processing PersistenceUnitInfo [name: testPU]
jul 28, 2026 3:41:52 P. M. org.hibernate.Version logVersion
INFO: HHH000412: Hibernate ORM core version 7.0.6.Final
jul 28, 2026 3:41:52 P. M. org.hibernate.engine.jdbc.connections.internal.DriverManagerConnectionProviderImpl configure
WARN: HHH10001002: Using built-in connection pool (not intended for production use)
jul 28, 2026 3:41:52 P. M. org.hibernate.engine.jdbc.env.internal.JdbcEnvironmentInitiator logConnectionInfo
INFO: HHH10001005: Database info:
	Database JDBC URL [jdbc:mysql://localhost:60999/testdb]
	Database driver: com.mysql.cj.jdbc.Driver
	Database version: 8.0.44
	Autocommit mode: false
	Isolation level: undefined/unknown
	Pool: DriverManagerConnectionProviderImpl
	Minimum pool size: 1
	Maximum pool size: 20
jul 28, 2026 3:41:53 P. M. org.hibernate.engine.transaction.jta.platform.internal.JtaPlatformInitiator initiateService
INFO: HHH000489: No JTA platform available (set 'hibernate.transaction.jta.platform' to enable JTA platform integration)
jul 28, 2026 3:41:53 P. M. org.hibernate.engine.jdbc.spi.SqlExceptionHelper logExceptions
WARN: HHH000247: ErrorCode: 1062, SQLState: 23000
jul 28, 2026 3:41:53 P. M. org.hibernate.engine.jdbc.spi.SqlExceptionHelper logExceptions
WARN: Duplicate entry 'DUPL/001' for key 'alumnos.matricula_UNIQUE'
]]></system-err>
  </testcase>
  <testcase name="insertarPorSQL_yLeerConJPA_Alumno" classname="org.cursosanblas.examen.AlumnoMappingTest" time="0.079">
    <system-out><![CDATA[Hibernate: 
    INSERT 
    INTO
        personas
        (id_persona, dni, nombre, apellido1, apellido2)     
    VALUES
        (?, ?, 'Ana', 'García', 'López') 
Hibernate: 
    INSERT 
    INTO
        alumnos
        (id_persona, matricula, anyo_inscripcion)     
    VALUES
        (?, ?, ?) 
Hibernate: 
    select
        a1_0.id_persona,
        a1_1.apellido1,
        a1_1.apellido2,
        a1_1.ciudad,
        a1_1.direccion,
        a1_1.dni,
        a1_1.nombre,
        a1_1.telefono,
        a1_0.anyo_inscripcion,
        a1_0.matricula 
    from
        alumnos a1_0 
    join
        personas a1_1 
            on a1_0.id_persona=a1_1.id_persona 
    where
        a1_0.id_persona=?
]]></system-out>
  </testcase>
</testsuite>