<?xml version="1.0" encoding="UTF-8"?>
<testsuite xmlns:xsi="http://www.w3.org/2001/XMLSchema-instance" xsi:noNamespaceSchemaLocation="https://maven.apache.org/surefire/maven-surefire-plugin/xsd/surefire-test-report.xsd" version="3.0.1" name="org.cursosanblas.examen.ProfesorMappingTest" time="0.057" tests="1" errors="0" skipped="0" failures="0">
  <properties>
[...]
</properties>
  <testcase name="insertarPorSQL_yLeerConJPA_Profesor" classname="org.cursosanblas.examen.ProfesorMappingTest" time="0.057">
    <system-out><![CDATA[Hibernate: 
    INSERT 
    INTO
        personas
        (id_persona, dni, nombre, apellido1, apellido2, telefono, direccion, ciudad)     
    VALUES
        (?, ?, 'Nombre', 'Apellido1', 'Apellido2', '600000000', 'Calle 1', 'Madrid') 
Hibernate: 
    INSERT 
    INTO
        profesores
        (id_persona, nro_seg_social)     
    VALUES
        (?, ?) 
Hibernate: 
    select
        p1_0.id_persona,
        p1_1.apellido1,
        p1_1.apellido2,
        p1_1.ciudad,
        p1_1.direccion,
        p1_1.dni,
        p1_1.nombre,
        p1_1.telefono,
        p1_0.nro_seg_social 
    from
        profesores p1_0 
    join
        personas p1_1 
            on p1_0.id_persona=p1_1.id_persona 
    where
        p1_0.id_persona=?
Hibernate: 
    update
        profesores 
    set
        nro_seg_social=? 
    where
        id_persona=?
Hibernate: 
    SELECT
        nro_seg_social 
    FROM
        profesores 
    WHERE
        id_persona=?
]]></system-out>
  </testcase>
</testsuite>